<?xml version="1.0" encoding="UTF-8"?>
<!-- Generated by org.testng.reporters.JUnitXMLReporter -->
<testsuite hostname="DESKTOP-RC4LV7T" ignored="0" name="Default test" tests="4" failures="0" timestamp="17 Nov 2020 04:05:35 GMT" time="46.075" errors="0">
  <testcase name="InvalidCredentials_001" time="1.527" classname="com.hrms.testCases.loginTest"/>
  <testcase name="InvalidCredentials_002" time="2.041" classname="com.hrms.testCases.loginTest"/>
  <testcase name="InvalidCredentials_003" time="0.385" classname="com.hrms.testCases.loginTest"/>
  <testcase name="ValidCredentials" time="4.514" classname="com.hrms.testCases.loginTest"/>
</testsuite> <!-- Default test -->
