<?xml version="1.0" encoding="UTF-8"?>
<!-- Generated by org.testng.reporters.JUnitXMLReporter -->
<testsuite hostname="DESKTOP-RC4LV7T" ignored="4" name="Test" tests="10" failures="0" timestamp="16 Nov 2020 04:42:58 GMT" time="127.771" errors="0">
  <testcase name="InvalidCredentials_001" time="0.0" classname="com.hrms.testCases.dataDrivenTest">
    <skipped/>
  </testcase> <!-- InvalidCredentials_001 -->
  <testcase name="InvalidCredentials_002" time="1.451" classname="com.hrms.testCases.dataDrivenTest"/>
  <testcase name="InvalidCredentials_003" time="0.427" classname="com.hrms.testCases.dataDrivenTest"/>
  <testcase name="addemployee" time="9.834" classname="com.hrms.testCases.addemployeetest"/>
  <testcase name="addemployee" time="15.302" classname="com.hrms.testCases.addemployeetest"/>
  <testcase name="addemployee" time="10.312" classname="com.hrms.testCases.addemployeetest"/>
  <testcase name="InvalidCredentials_001" time="1.391" classname="com.hrms.testCases.loginTest"/>
  <testcase name="InvalidCredentials_002" time="1.31" classname="com.hrms.testCases.loginTest"/>
  <testcase name="InvalidCredentials_003" time="0.366" classname="com.hrms.testCases.loginTest"/>
  <testcase name="ValidCredentials" time="4.416" classname="com.hrms.testCases.loginTest"/>
  <testcase name="@AfterTest writereport" time="0.0" classname="com.hrms.testBase.BaseClass">
    <ignored/>
  </testcase> <!-- @AfterTest writereport -->
  <testcase name="@AfterTest writereport" time="0.0" classname="com.hrms.testBase.BaseClass">
    <ignored/>
  </testcase> <!-- @AfterTest writereport -->
  <testcase name="@BeforeTest generateReport" time="0.0" classname="com.hrms.testBase.BaseClass">
    <ignored/>
  </testcase> <!-- @BeforeTest generateReport -->
  <testcase name="@BeforeTest generateReport" time="0.0" classname="com.hrms.testBase.BaseClass">
    <ignored/>
  </testcase> <!-- @BeforeTest generateReport -->
</testsuite> <!-- Test -->
