<?xml version="1.0" encoding="UTF-8"?>
<testng-results skipped="1" failed="0" ignored="4" total="14" passed="9">
  <reporter-output>
  </reporter-output>
  <suite name="Suite" duration-ms="127771" started-at="2020-11-16T04:40:50Z" finished-at="2020-11-16T04:42:58Z">
    <groups>
    </groups>
    <test name="Test" duration-ms="127771" started-at="2020-11-16T04:40:50Z" finished-at="2020-11-16T04:42:58Z">
      <class name="com.hrms.testCases.loginTest">
        <test-method status="PASS" signature="setup()[pri:0, instance:com.hrms.testCases.loginTest@174d20a]" name="setup" is-config="true" duration-ms="7841" started-at="2020-11-16T04:42:16Z" finished-at="2020-11-16T04:42:24Z">
          <reporter-output>
          </reporter-output>
        </test-method> <!-- setup -->
        <test-method status="PASS" signature="InvalidCredentials_001()[pri:0, instance:com.hrms.testCases.loginTest@174d20a]" name="InvalidCredentials_001" duration-ms="1391" started-at="2020-11-16T04:42:24Z" finished-at="2020-11-16T04:42:25Z">
          <reporter-output>
          </reporter-output>
        </test-method> <!-- InvalidCredentials_001 -->
        <test-method status="PASS" signature="teardown()[pri:0, instance:com.hrms.testCases.loginTest@174d20a]" name="teardown" is-config="true" duration-ms="643" started-at="2020-11-16T04:42:25Z" finished-at="2020-11-16T04:42:26Z">
          <reporter-output>
          </reporter-output>
        </test-method> <!-- teardown -->
        <test-method status="PASS" signature="setup()[pri:0, instance:com.hrms.testCases.loginTest@174d20a]" name="setup" is-config="true" duration-ms="7617" started-at="2020-11-16T04:42:26Z" finished-at="2020-11-16T04:42:34Z">
          <reporter-output>
          </reporter-output>
        </test-method> <!-- setup -->
        <test-method status="PASS" signature="InvalidCredentials_002()[pri:0, instance:com.hrms.testCases.loginTest@174d20a]" name="InvalidCredentials_002" duration-ms="1310" started-at="2020-11-16T04:42:34Z" finished-at="2020-11-16T04:42:35Z">
          <reporter-output>
          </reporter-output>
        </test-method> <!-- InvalidCredentials_002 -->
        <test-method status="PASS" signature="teardown()[pri:0, instance:com.hrms.testCases.loginTest@174d20a]" name="teardown" is-config="true" duration-ms="634" started-at="2020-11-16T04:42:35Z" finished-at="2020-11-16T04:42:35Z">
          <reporter-output>
          </reporter-output>
        </test-method> <!-- teardown -->
        <test-method status="PASS" signature="setup()[pri:0, instance:com.hrms.testCases.loginTest@174d20a]" name="setup" is-config="true" duration-ms="7482" started-at="2020-11-16T04:42:35Z" finished-at="2020-11-16T04:42:43Z">
          <reporter-output>
          </reporter-output>
        </test-method> <!-- setup -->
        <test-method status="PASS" signature="InvalidCredentials_003()[pri:0, instance:com.hrms.testCases.loginTest@174d20a]" name="InvalidCredentials_003" duration-ms="366" started-at="2020-11-16T04:42:43Z" finished-at="2020-11-16T04:42:43Z">
          <reporter-output>
          </reporter-output>
        </test-method> <!-- InvalidCredentials_003 -->
        <test-method status="PASS" signature="teardown()[pri:0, instance:com.hrms.testCases.loginTest@174d20a]" name="teardown" is-config="true" duration-ms="719" started-at="2020-11-16T04:42:43Z" finished-at="2020-11-16T04:42:44Z">
          <reporter-output>
          </reporter-output>
        </test-method> <!-- teardown -->
        <test-method status="PASS" signature="setup()[pri:0, instance:com.hrms.testCases.loginTest@174d20a]" name="setup" is-config="true" duration-ms="8297" started-at="2020-11-16T04:42:44Z" finished-at="2020-11-16T04:42:52Z">
          <reporter-output>
          </reporter-output>
        </test-method> <!-- setup -->
        <test-method status="PASS" signature="ValidCredentials()[pri:0, instance:com.hrms.testCases.loginTest@174d20a]" name="ValidCredentials" duration-ms="4416" started-at="2020-11-16T04:42:52Z" finished-at="2020-11-16T04:42:57Z">
          <reporter-output>
          </reporter-output>
        </test-method> <!-- ValidCredentials -->
        <test-method status="PASS" signature="teardown()[pri:0, instance:com.hrms.testCases.loginTest@174d20a]" name="teardown" is-config="true" duration-ms="924" started-at="2020-11-16T04:42:57Z" finished-at="2020-11-16T04:42:58Z">
          <reporter-output>
          </reporter-output>
        </test-method> <!-- teardown -->
      </class> <!-- com.hrms.testCases.loginTest -->
      <class name="com.hrms.testCases.addemployeetest">
        <test-method status="PASS" signature="setup()[pri:0, instance:com.hrms.testCases.addemployeetest@7921b0a2]" name="setup" is-config="true" duration-ms="6673" started-at="2020-11-16T04:41:11Z" finished-at="2020-11-16T04:41:18Z">
          <reporter-output>
          </reporter-output>
        </test-method> <!-- setup -->
        <test-method status="PASS" signature="addemployee(java.lang.String, java.lang.String, java.lang.String)[pri:0, instance:com.hrms.testCases.addemployeetest@7921b0a2]" name="addemployee" duration-ms="9834" started-at="2020-11-16T04:41:18Z" data-provider="DatafromEXcel" finished-at="2020-11-16T04:41:28Z">
          <params>
            <param index="0">
              <value>
                <![CDATA[Shvia3]]>
              </value>
            </param>
            <param index="1">
              <value>
                <![CDATA[tester3]]>
              </value>
            </param>
            <param index="2">
              <value>
                <![CDATA[Regalla3]]>
              </value>
            </param>
          </params>
          <reporter-output>
          </reporter-output>
        </test-method> <!-- addemployee -->
        <test-method status="PASS" signature="teardown()[pri:0, instance:com.hrms.testCases.addemployeetest@7921b0a2]" name="teardown" is-config="true" duration-ms="651" started-at="2020-11-16T04:41:28Z" finished-at="2020-11-16T04:41:28Z">
          <reporter-output>
          </reporter-output>
        </test-method> <!-- teardown -->
        <test-method status="PASS" signature="setup()[pri:0, instance:com.hrms.testCases.addemployeetest@7921b0a2]" name="setup" is-config="true" duration-ms="12272" started-at="2020-11-16T04:41:28Z" finished-at="2020-11-16T04:41:41Z">
          <reporter-output>
          </reporter-output>
        </test-method> <!-- setup -->
        <test-method status="PASS" signature="addemployee(java.lang.String, java.lang.String, java.lang.String)[pri:0, instance:com.hrms.testCases.addemployeetest@7921b0a2]" name="addemployee" duration-ms="15302" started-at="2020-11-16T04:41:41Z" data-provider="DatafromEXcel" finished-at="2020-11-16T04:41:56Z">
          <params>
            <param index="0">
              <value>
                <![CDATA[Ravi3]]>
              </value>
            </param>
            <param index="1">
              <value>
                <![CDATA[Tester3]]>
              </value>
            </param>
            <param index="2">
              <value>
                <![CDATA[Regalla3]]>
              </value>
            </param>
          </params>
          <reporter-output>
          </reporter-output>
        </test-method> <!-- addemployee -->
        <test-method status="PASS" signature="teardown()[pri:0, instance:com.hrms.testCases.addemployeetest@7921b0a2]" name="teardown" is-config="true" duration-ms="600" started-at="2020-11-16T04:41:56Z" finished-at="2020-11-16T04:41:57Z">
          <reporter-output>
          </reporter-output>
        </test-method> <!-- teardown -->
        <test-method status="PASS" signature="setup()[pri:0, instance:com.hrms.testCases.addemployeetest@7921b0a2]" name="setup" is-config="true" duration-ms="8573" started-at="2020-11-16T04:41:57Z" finished-at="2020-11-16T04:42:05Z">
          <reporter-output>
          </reporter-output>
        </test-method> <!-- setup -->
        <test-method status="PASS" signature="addemployee(java.lang.String, java.lang.String, java.lang.String)[pri:0, instance:com.hrms.testCases.addemployeetest@7921b0a2]" name="addemployee" duration-ms="10312" started-at="2020-11-16T04:42:05Z" data-provider="DatafromEXcel" finished-at="2020-11-16T04:42:15Z">
          <params>
            <param index="0">
              <value>
                <![CDATA[Raju3]]>
              </value>
            </param>
            <param index="1">
              <value>
                <![CDATA[Tester3]]>
              </value>
            </param>
            <param index="2">
              <value>
                <![CDATA[Regalla3]]>
              </value>
            </param>
          </params>
          <reporter-output>
          </reporter-output>
        </test-method> <!-- addemployee -->
        <test-method status="PASS" signature="teardown()[pri:0, instance:com.hrms.testCases.addemployeetest@7921b0a2]" name="teardown" is-config="true" duration-ms="604" started-at="2020-11-16T04:42:15Z" finished-at="2020-11-16T04:42:16Z">
          <reporter-output>
          </reporter-output>
        </test-method> <!-- teardown -->
      </class> <!-- com.hrms.testCases.addemployeetest -->
      <class name="com.hrms.testCases.dataDrivenTest">
        <test-method status="PASS" signature="generateReport()[pri:0, instance:com.hrms.testCases.dataDrivenTest@6a024a67]" name="generateReport" is-config="true" duration-ms="170" started-at="2020-11-16T04:40:50Z" finished-at="2020-11-16T04:40:51Z">
          <reporter-output>
          </reporter-output>
        </test-method> <!-- generateReport -->
        <test-method status="SKIP" signature="InvalidCredentials_001()[pri:0, instance:com.hrms.testCases.dataDrivenTest@6a024a67]" name="InvalidCredentials_001" duration-ms="0" started-at="2020-11-16T04:40:51Z" data-provider="Data from EXcel" finished-at="2020-11-16T04:40:51Z">
          <exception class="java.lang.RuntimeException">
            <message>
              <![CDATA[java.lang.NullPointerException]]>
            </message>
            <full-stacktrace>
              <![CDATA[java.lang.RuntimeException: java.lang.NullPointerException
at org.testng.internal.MethodInvocationHelper.invokeMethodNoCheckedException(MethodInvocationHelper.java:49)
at org.testng.internal.MethodInvocationHelper.invokeDataProvider(MethodInvocationHelper.java:131)
at org.testng.internal.Parameters.handleParameters(Parameters.java:706)
at org.testng.internal.ParameterHandler.handleParameters(ParameterHandler.java:49)
at org.testng.internal.ParameterHandler.createParameters(ParameterHandler.java:37)
at org.testng.internal.Invoker.invokeTestMethods(Invoker.java:924)
at org.testng.internal.TestMethodWorker.invokeTestMethods(TestMethodWorker.java:125)
at org.testng.internal.TestMethodWorker.run(TestMethodWorker.java:109)
at org.testng.TestRunner.privateRun(TestRunner.java:648)
at org.testng.TestRunner.run(TestRunner.java:505)
at org.testng.SuiteRunner.runTest(SuiteRunner.java:455)
at org.testng.SuiteRunner.runSequentially(SuiteRunner.java:450)
at org.testng.SuiteRunner.privateRun(SuiteRunner.java:415)
at org.testng.SuiteRunner.run(SuiteRunner.java:364)
at org.testng.SuiteRunnerWorker.runSuite(SuiteRunnerWorker.java:52)
at org.testng.SuiteRunnerWorker.run(SuiteRunnerWorker.java:84)
at org.testng.TestNG.runSuitesSequentially(TestNG.java:1208)
at org.testng.TestNG.runSuitesLocally(TestNG.java:1137)
at org.testng.TestNG.runSuites(TestNG.java:1049)
at org.testng.TestNG.run(TestNG.java:1017)
at org.apache.maven.surefire.testng.TestNGExecutor.run(TestNGExecutor.java:284)
at org.apache.maven.surefire.testng.TestNGXmlTestSuite.execute(TestNGXmlTestSuite.java:75)
at org.apache.maven.surefire.testng.TestNGProvider.invoke(TestNGProvider.java:119)
at org.apache.maven.surefire.booter.ForkedBooter.runSuitesInProcess(ForkedBooter.java:428)
at org.apache.maven.surefire.booter.ForkedBooter.execute(ForkedBooter.java:162)
at org.apache.maven.surefire.booter.ForkedBooter.run(ForkedBooter.java:562)
at org.apache.maven.surefire.booter.ForkedBooter.main(ForkedBooter.java:548)
Caused by: java.lang.NullPointerException
at com.hrms.Utils.ExcelReader.loadSheet(ExcelReader.java:28)
at com.hrms.Utils.ExcelReader.exceltoArray(ExcelReader.java:45)
at com.hrms.testCases.dataDrivenTest.getData(dataDrivenTest.java:63)
at sun.reflect.NativeMethodAccessorImpl.invoke0(Native Method)
at sun.reflect.NativeMethodAccessorImpl.invoke(Unknown Source)
at sun.reflect.DelegatingMethodAccessorImpl.invoke(Unknown Source)
at java.lang.reflect.Method.invoke(Unknown Source)
at org.testng.internal.MethodInvocationHelper.invokeMethod(MethodInvocationHelper.java:124)
at org.testng.internal.MethodInvocationHelper.invokeMethod(MethodInvocationHelper.java:74)
at org.testng.internal.MethodInvocationHelper.invokeMethodNoCheckedException(MethodInvocationHelper.java:45)
... 26 more
]]>
            </full-stacktrace>
          </exception> <!-- java.lang.RuntimeException -->
          <reporter-output>
          </reporter-output>
        </test-method> <!-- InvalidCredentials_001 -->
        <test-method status="PASS" signature="setup()[pri:0, instance:com.hrms.testCases.dataDrivenTest@6a024a67]" name="setup" is-config="true" duration-ms="9352" started-at="2020-11-16T04:40:51Z" finished-at="2020-11-16T04:41:00Z">
          <reporter-output>
          </reporter-output>
        </test-method> <!-- setup -->
        <test-method status="PASS" signature="InvalidCredentials_002()[pri:0, instance:com.hrms.testCases.dataDrivenTest@6a024a67]" name="InvalidCredentials_002" duration-ms="1451" started-at="2020-11-16T04:41:00Z" finished-at="2020-11-16T04:41:01Z">
          <reporter-output>
          </reporter-output>
        </test-method> <!-- InvalidCredentials_002 -->
        <test-method status="PASS" signature="teardown()[pri:0, instance:com.hrms.testCases.dataDrivenTest@6a024a67]" name="teardown" is-config="true" duration-ms="803" started-at="2020-11-16T04:41:01Z" finished-at="2020-11-16T04:41:02Z">
          <reporter-output>
          </reporter-output>
        </test-method> <!-- teardown -->
        <test-method status="PASS" signature="setup()[pri:0, instance:com.hrms.testCases.dataDrivenTest@6a024a67]" name="setup" is-config="true" duration-ms="7441" started-at="2020-11-16T04:41:02Z" finished-at="2020-11-16T04:41:10Z">
          <reporter-output>
          </reporter-output>
        </test-method> <!-- setup -->
        <test-method status="PASS" signature="InvalidCredentials_003()[pri:0, instance:com.hrms.testCases.dataDrivenTest@6a024a67]" name="InvalidCredentials_003" duration-ms="427" started-at="2020-11-16T04:41:10Z" finished-at="2020-11-16T04:41:10Z">
          <reporter-output>
          </reporter-output>
        </test-method> <!-- InvalidCredentials_003 -->
        <test-method status="PASS" signature="teardown()[pri:0, instance:com.hrms.testCases.dataDrivenTest@6a024a67]" name="teardown" is-config="true" duration-ms="665" started-at="2020-11-16T04:41:10Z" finished-at="2020-11-16T04:41:11Z">
          <reporter-output>
          </reporter-output>
        </test-method> <!-- teardown -->
        <test-method status="PASS" signature="writereport()[pri:0, instance:com.hrms.testCases.dataDrivenTest@6a024a67]" name="writereport" is-config="true" duration-ms="426" started-at="2020-11-16T04:42:58Z" finished-at="2020-11-16T04:42:58Z">
          <reporter-output>
          </reporter-output>
        </test-method> <!-- writereport -->
      </class> <!-- com.hrms.testCases.dataDrivenTest -->
    </test> <!-- Test -->
  </suite> <!-- Suite -->
</testng-results>
