<?xml version="1.0" encoding="UTF-8"?>
<testng-results skipped="0" failed="0" ignored="0" total="1" passed="1">
  <reporter-output>
  </reporter-output>
  <suite name="Default suite" duration-ms="2365" started-at="2020-05-03T11:39:44Z" finished-at="2020-05-03T11:39:46Z">
    <groups>
    </groups>
    <test name="Default test" duration-ms="2365" started-at="2020-05-03T11:39:44Z" finished-at="2020-05-03T11:39:46Z">
      <class name="getRequest.getData">
        <test-method status="PASS" signature="testResponsecode()[pri:0, instance:getRequest.getData@64bfbc86]" name="testResponsecode" duration-ms="2326" started-at="2020-05-03T11:39:44Z" finished-at="2020-05-03T11:39:46Z">
          <reporter-output>
          </reporter-output>
        </test-method> <!-- testResponsecode -->
      </class> <!-- getRequest.getData -->
    </test> <!-- Default test -->
  </suite> <!-- Default suite -->
</testng-results>
